1506240000000026,4186,GSA63.WNA120
1506240000020529,3189,GSA63.WNA120
1506240000050118,3438,GSA63.WNA120
1506240000070575,3148,GSA63.WNA120
1506240000100176,4252,GSA63.WNA120
1506240000120666,5949,GSA63.WNA120
1506240000150178,3446,GSA63.WNA120
1506240000170702,4492,GSA63.WNA120
1506240000200170,4953,GSA63.WNA120
1506240000220749,3479,GSA63.WNA120
1506240000250250,5928,GSA63.WNA120
1506240000270762,5426,GSA63.WNA120
1506240000300242,2583,GSA63.WNA120
1506240000320731,4894,GSA63.WNA120
1506240000350310,5656,GSA63.WNA120
1506240000380011,3432,GSA63.WNA120
1506240000400814,4121,GSA63.WNA120
1506240000430660,4191,GSA63.WNA120
1506240000460607,4678,GSA63.WNA120
1506240000490595,3464,GSA63.WNA120
1506240000520541,4825,GSA63.WNA120
1506240000550521,3050,GSA63.WNA120
1506240000580423,5356,GSA63.WNA120
1506240001010434,4737,GSA63.WNA120
1506240001040424,4251,GSA63.WNA120
1506240001070371,4101,GSA63.WNA120
1506240001100362,4669,GSA63.WNA120
1506240001130296,4604,GSA63.WNA120
1506240001160232,3226,GSA63.WNA120
1506240001190176,4322,GSA63.WNA120
1506240001220133,4195,GSA63.WNA120
1506240001250136,4849,GSA63.WNA120
1506240001280170,5458,GSA63.WNA120
1506240001310126,5828,GSA63.WNA120
1506240001340128,3765,GSA63.WNA120
1506240001370063,4384,GSA63.WNA120
1506240001390986,4362,GSA63.WNA120
1506240001420921,2818,GSA63.WNA120
1506240001450855,4703,GSA63.WNA120
1506240001480802,5383,GSA63.WNA120
1506240001510792,3540,GSA63.WNA120
1506240001540782,3614,GSA63.WNA120
1506240001570695,3122,GSA63.WNA120
1506240002000684,3747,GSA63.WNA120
1506240002030644,3689,GSA63.WNA120
1506240002060589,4758,GSA63.WNA120
1506240002090523,4504,GSA63.WNA120
1506240003120518,4160,GSA63.WNA120
1506240003150531,3098,GSA63.WNA120
1506240003180011,4403,GSA63.WNA120
1506240003200855,4279,GSA63.WNA120
1506240003230436,3351,GSA63.WNA120
1506240003250824,2438,GSA63.WNA120
1506240003280292,2570,GSA63.WNA120
1506240003300693,5325,GSA63.WNA120
1506240003330261,4337,GSA63.WNA120
1506240003350840,3819,GSA63.WNA120
1506240003380341,4272,GSA63.WNA120
1506240003400842,3481,GSA63.WNA120
1506240003430455,2988,GSA63.WNA120
1506240003450957,3376,GSA63.WNA120
1506240003480493,4892,GSA63.WNA120
1506240003500983,4312,GSA63.WNA120
1506240003580433,4340,GSA63.WNA120
1506240004010553,3565,GSA63.WNA120
1506240004040110,4784,GSA63.WNA120
1506240004060501,4624,GSA63.WNA120
1506240004080982,4014,GSA63.WNA120
1506240004110447,5561,GSA63.WNA120
1506240004130992,4288,GSA63.WNA120
1506240004160483,3517,GSA63.WNA120
1506240004190029,4747,GSA63.WNA120
1506240004210518,5650,GSA63.WNA120
1506240004230996,4200,GSA63.WNA120
1506240004260510,3300,GSA63.WNA120
1506240004290000,4864,GSA63.WNA120
1506240004310501,5428,GSA63.WNA120
1506240004340001,4673,GSA63.WNA120
1506240004360525,5651,GSA63.WNA120
1506240004440016,3281,GSA63.WNA120
1506240004470142,4409,GSA63.WNA120
1506240004490732,3332,GSA63.WNA120
1506240004520065,5317,GSA63.WNA120
1506240004540590,3390,GSA63.WNA120
1506240004570013,4213,GSA63.WNA120
1506240004590570,4835,GSA63.WNA120
1506240005010993,5198,GSA63.WNA120
1506240005040482,4647,GSA63.WNA120
1506240005070017,4525,GSA63.WNA120
1506240005090543,4602,GSA63.WNA120
1506240005120063,4814,GSA63.WNA120
1506240005140622,4856,GSA63.WNA120
1506240005170100,3090,GSA63.WNA120
1506240005190600,4919,GSA63.WNA120
1506240005220091,4879,GSA63.WNA120
1506240007070639,4878,GSA63.WNA120
1506240007100330,3456,GSA63.WNA120
1506240007120852,3292,GSA63.WNA120
1506240007150343,4545,GSA63.WNA120
1506240007170855,4910,GSA63.WNA120
1506240007200345,3410,GSA63.WNA120
1506240007220835,3394,GSA63.WNA120
1506240007250324,5584,GSA63.WNA120
1506240007270838,4858,GSA63.WNA120
1506240007300339,4013,GSA63.WNA120
1506240007320873,4630,GSA63.WNA120
1506240007350384,1996,GSA63.WNA120
1506240007370875,4265,GSA63.WNA120
1506240007400444,5006,GSA63.WNA120
1506240007420945,5555,GSA63.WNA120
1506240007450481,5562,GSA63.WNA120
1506240007480271,4072,GSA63.WNA120
1506240007500927,4833,GSA63.WNA120
1506240007530440,4506,GSA63.WNA120
1506240007550953,4548,GSA63.WNA120
1506240007580410,4209,GSA63.WNA120
1506240008000976,5429,GSA63.WNA120
1506240008030477,4024,GSA63.WNA120
1506240008050935,3788,GSA63.WNA120
1506240008080425,3036,GSA63.WNA120
1506240008100970,3795,GSA63.WNA120
1506240008130504,5920,GSA63.WNA120
1506240008160095,5373,GSA63.WNA120
1506240008180563,3487,GSA63.WNA120
1506240008210100,2932,GSA63.WNA120
1506240008230644,4210,GSA63.WNA120
1506240008260207,4957,GSA63.WNA120
1506240008290046,4710,GSA63.WNA120
1506240008310704,4084,GSA63.WNA120
1506240008340239,1244,GSA63.WNA120
1506240008360730,3048,GSA63.WNA120
1506240008390185,4824,GSA63.WNA120
1506240008410677,4865,GSA63.WNA120
1506240008440154,4696,GSA63.WNA120
1506240008460667,4860,GSA63.WNA120
1506240008490256,3494,GSA63.WNA120
1506240008510802,4851,GSA63.WNA120
1506240008540325,4343,GSA63.WNA120
1506240008560805,5551,GSA63.WNA120
1506240008590361,3559,GSA63.WNA120
1506240009010895,4141,GSA63.WNA120
1506240009040441,5819,GSA63.WNA120
1506240009060977,3604,GSA63.WNA120
1506240011500207,5561,GSA63.WNA120
1506240011530320,4288,GSA63.WNA120
1506240011560400,3517,GSA63.WNA120
1506240011580945,5429,GSA63.WNA120
1506240012010402,5650,GSA63.WNA120
1506240012030913,4024,GSA63.WNA120
1506240012060349,4200,GSA63.WNA120
1506240012080861,3788,GSA63.WNA120
1506240012110395,4864,GSA63.WNA120
1506240012130940,3036,GSA63.WNA120
1506240012160442,3332,GSA63.WNA120
1506240012180943,3795,GSA63.WNA120
1506240012210465,3390,GSA63.WNA120
1506240012240012,3487,GSA63.WNA120
1506240012260525,4210,GSA63.WNA120
1506240012290003,1244,GSA63.WNA120
1506240012340060,4835,GSA63.WNA120
1506240012370085,4647,GSA63.WNA120
1506240012400175,4602,GSA63.WNA120
1506240012420687,4696,GSA63.WNA120
1506240012450067,4919,GSA63.WNA120
1506240012470591,3494,GSA63.WNA120
1506240012490947,4879,GSA63.WNA120
1506240012520426,4878,GSA63.WNA120
1506240012540774,4747,GSA63.WNA120
1506240012570328,4343,GSA63.WNA120
1506240012590830,3559,GSA63.WNA120
1506240120420944,3048,GSA63.WNA120
1506240120450632,4824,GSA63.WNA120
1506240120480356,4865,GSA63.WNA120
1506240120510003,4860,GSA63.WNA120
1506240120530603,4851,GSA63.WNA120
1506240120560404,4141,GSA63.WNA120
1506240120590028,4166,GSA63.WNA120
1506240121010786,5352,GSA63.WNA120
1506240121260307,4183,GSA63.WNA120
1506240121280853,4474,GSA63.WNA120
1506240121310621,4256,GSA63.WNA120
1506240121340333,4670,GSA63.WNA120
1506240121360956,4255,GSA63.WNA120
1506240121390635,5851,GSA63.WNA120
1506240121420369,5466,GSA63.WNA120
1506240121450036,4139,GSA63.WNA120
1506240121580544,4821,GSA63.WNA120
1506240122010234,4831,GSA63.WNA120
1506240122030823,4590,GSA63.WNA120
1506240122060509,3615,GSA63.WNA120
1506240122090215,4608,GSA63.WNA120
1506240122110927,4719,GSA63.WNA120
1506240122140651,4472,GSA63.WNA120
1506240122170331,4500,GSA63.WNA120
1506240122310004,5162,GSA63.WNA120
